Info: Starting: Create block symbol file (.bsf)
Info: ip-generate --project-directory=/home/tck999/Desktop/CameraClean/ --output-directory=/home/tck999/Desktop/CameraClean/mysystem/ --report-file=bsf:/home/tck999/Desktop/CameraClean/mysystem.bsf --system-info=DEVICE_FAMILY="Cyclone V" --system-info=DEVICE=5CSEMA5F31C6 --system-info=DEVICE_SPEEDGRADE=6 --component-file=/home/tck999/Desktop/CameraClean/mysystem.qsys
Progress: Loading CameraClean/mysystem.qsys
Progress: Reading input file
Progress: Adding arm_a9_hps [altera_hps 13.1]
Progress: Parameterizing module arm_a9_hps
Progress: Adding pio_read [altera_avalon_pio 13.1]
Progress: Parameterizing module pio_read
Progress: Adding jtag_uart [altera_avalon_jtag_uart 13.1]
Progress: Parameterizing module jtag_uart
Progress: Adding Onchip_SRAM [altera_avalon_onchip_memory2 13.1]
Progress: Parameterizing module Onchip_SRAM
Progress: Adding clk_0 [clock_source 13.1]
Progress: Parameterizing module clk_0
Progress: Adding system_pll_0 [altera_pll 13.1]
Progress: Parameterizing module system_pll_0
Progress: Adding sdram_clk [altera_up_avalon_sys_sdram_pll 13.1]
Progress: Parameterizing module sdram_clk
Progress: Adding pio2 [altera_avalon_pio 13.1]
Progress: Parameterizing module pio2
Progress: Adding pio1 [altera_avalon_pio 13.1]
Progress: Parameterizing module pio1
Progress: Adding pio_start [altera_avalon_pio 13.1]
Progress: Parameterizing module pio_start
Progress: Building connections
Progress: Parameterizing connections
Progress: Validating
Progress: Done reading input file
Info: mysystem.system_pll_0: The legal reference clock frequency is 5.0 MHz..800.0 MHz
Info: mysystem.system_pll_0: Able to implement PLL with user settings
Info: ip-generate succeeded.
Info: Finished: Create block symbol file (.bsf)
Info: 
Info: Starting: Create HDL design files for synthesis
Info: ip-generate --project-directory=/home/tck999/Desktop/CameraClean/ --output-directory=/home/tck999/Desktop/CameraClean/mysystem/synthesis/ --file-set=QUARTUS_SYNTH --report-file=html:/home/tck999/Desktop/CameraClean/mysystem.html --report-file=sopcinfo:/home/tck999/Desktop/CameraClean/mysystem.sopcinfo --report-file=cmp:/home/tck999/Desktop/CameraClean/mysystem.cmp --report-file=qip:/home/tck999/Desktop/CameraClean/mysystem/synthesis/mysystem.qip --report-file=svd --report-file=regmap:/home/tck999/Desktop/CameraClean/mysystem/synthesis/mysystem.regmap --report-file=debuginfo:/home/tck999/Desktop/CameraClean/mysystem/synthesis/mysystem.debuginfo --system-info=DEVICE_FAMILY="Cyclone V" --system-info=DEVICE=5CSEMA5F31C6 --system-info=DEVICE_SPEEDGRADE=6 --component-file=/home/tck999/Desktop/CameraClean/mysystem.qsys --language=VERILOG
Progress: Loading CameraClean/mysystem.qsys
Progress: Reading input file
Progress: Adding arm_a9_hps [altera_hps 13.1]
Progress: Parameterizing module arm_a9_hps
Progress: Adding pio_read [altera_avalon_pio 13.1]
Progress: Parameterizing module pio_read
Progress: Adding jtag_uart [altera_avalon_jtag_uart 13.1]
Progress: Parameterizing module jtag_uart
Progress: Adding Onchip_SRAM [altera_avalon_onchip_memory2 13.1]
Progress: Parameterizing module Onchip_SRAM
Progress: Adding clk_0 [clock_source 13.1]
Progress: Parameterizing module clk_0
Progress: Adding system_pll_0 [altera_pll 13.1]
Progress: Parameterizing module system_pll_0
Progress: Adding sdram_clk [altera_up_avalon_sys_sdram_pll 13.1]
Progress: Parameterizing module sdram_clk
Progress: Adding pio2 [altera_avalon_pio 13.1]
Progress: Parameterizing module pio2
Progress: Adding pio1 [altera_avalon_pio 13.1]
Progress: Parameterizing module pio1
Progress: Adding pio_start [altera_avalon_pio 13.1]
Progress: Parameterizing module pio_start
Progress: Building connections
Progress: Parameterizing connections
Progress: Validating
Progress: Done reading input file
Info: mysystem.system_pll_0: The legal reference clock frequency is 5.0 MHz..800.0 MHz
Info: mysystem.system_pll_0: Able to implement PLL with user settings
Info: mysystem: Generating mysystem "mysystem" for QUARTUS_SYNTH
Info: pipeline_bridge_swap_transform: After transform: 9 modules, 28 connections
Info: No custom instruction connections, skipping transform 
Info: merlin_initial_interconnect_transform: After transform: 3 modules, 5 connections
Info: merlin_translator_transform: After transform: 4 modules, 9 connections
Info: merlin_domain_transform: After transform: 9 modules, 38 connections
Info: merlin_router_transform: After transform: 12 modules, 48 connections
Info: merlin_burst_transform: After transform: 13 modules, 52 connections
Info: merlin_network_to_switch_transform: After transform: 18 modules, 63 connections
Info: merlin_width_transform: After transform: 20 modules, 71 connections
Info: merlin_clock_and_reset_bridge_transform: After transform: 23 modules, 92 connections
Info: merlin_hierarchy_transform: After transform: 10 modules, 33 connections
Info: merlin_initial_interconnect_transform: After transform: 7 modules, 21 connections
Info: merlin_translator_transform: After transform: 12 modules, 41 connections
Info: merlin_domain_transform: After transform: 29 modules, 142 connections
Info: merlin_router_transform: After transform: 36 modules, 168 connections
Info: merlin_traffic_limiter_transform: After transform: 38 modules, 176 connections
Info: merlin_burst_transform: After transform: 43 modules, 196 connections
Info: merlin_network_to_switch_transform: After transform: 56 modules, 235 connections
Info: limiter_update_transform: After transform: 56 modules, 237 connections
Info: merlin_clock_and_reset_bridge_transform: After transform: 59 modules, 294 connections
Info: merlin_hierarchy_transform: After transform: 11 modules, 38 connections
Info: merlin_mm_transform: After transform: 11 modules, 38 connections
Warning: arm_a9_hps.f2h_irq0: Cannot connect clock for irq_mapper.sender
Warning: arm_a9_hps.f2h_irq0: Cannot connect reset for irq_mapper.sender
Warning: arm_a9_hps.f2h_irq1: Cannot connect clock for irq_mapper_001.sender
Warning: arm_a9_hps.f2h_irq1: Cannot connect reset for irq_mapper_001.sender
Info: merlin_interrupt_mapper_transform: After transform: 13 modules, 40 connections
Info: reset_adaptation_transform: After transform: 16 modules, 45 connections
Info: arm_a9_hps: "Doing Pretransform for module: arm_a9_hps"
Info: pipeline_bridge_swap_transform: After transform: 2 modules, 0 connections
Info: No custom instruction connections, skipping transform 
Info: arm_a9_hps: "mysystem" instantiated altera_hps "arm_a9_hps"
Info: pio_read: Starting RTL generation for module 'mysystem_pio_read'
Info: pio_read:   Generation command is [exec /software/altera/quartus-13.1/quartus/linux/perl/bin/perl -I /software/altera/quartus-13.1/quartus/linux/perl/lib -I /software/altera/quartus-13.1/quartus/sopc_builder/bin/europa -I /software/altera/quartus-13.1/quartus/sopc_builder/bin/perl_lib -I /software/altera/quartus-13.1/quartus/sopc_builder/bin -I /software/altera/quartus-13.1/quartus/../ip/altera/sopc_builder_ip/common -I /software/altera/quartus-13.1/quartus/../ip/altera/sopc_builder_ip/altera_avalon_pio -- /software/altera/quartus-13.1/quartus/../ip/altera/sopc_builder_ip/altera_avalon_pio/generate_rtl.pl --name=mysystem_pio_read --dir=/tmp/alt6492_6345889125089008084.dir/0061_pio_read_gen/ --quartus_dir=/software/altera/quartus-13.1/quartus --verilog --config=/tmp/alt6492_6345889125089008084.dir/0061_pio_read_gen//mysystem_pio_read_component_configuration.pl  --do_build_sim=0  ]
Info: pio_read: Done RTL generation for module 'mysystem_pio_read'
Info: pio_read: "mysystem" instantiated altera_avalon_pio "pio_read"
Info: jtag_uart: Starting RTL generation for module 'mysystem_jtag_uart'
Info: jtag_uart:   Generation command is [exec /software/altera/quartus-13.1/quartus/linux/perl/bin/perl -I /software/altera/quartus-13.1/quartus/linux/perl/lib -I /software/altera/quartus-13.1/quartus/sopc_builder/bin/europa -I /software/altera/quartus-13.1/quartus/sopc_builder/bin/perl_lib -I /software/altera/quartus-13.1/quartus/sopc_builder/bin -I /software/altera/quartus-13.1/quartus/../ip/altera/sopc_builder_ip/common -I /software/altera/quartus-13.1/quartus/../ip/altera/sopc_builder_ip/altera_avalon_jtag_uart -- /software/altera/quartus-13.1/quartus/../ip/altera/sopc_builder_ip/altera_avalon_jtag_uart/generate_rtl.pl --name=mysystem_jtag_uart --dir=/tmp/alt6492_6345889125089008084.dir/0062_jtag_uart_gen/ --quartus_dir=/software/altera/quartus-13.1/quartus --verilog --config=/tmp/alt6492_6345889125089008084.dir/0062_jtag_uart_gen//mysystem_jtag_uart_component_configuration.pl  --do_build_sim=0  ]
Info: jtag_uart: Done RTL generation for module 'mysystem_jtag_uart'
Info: jtag_uart: "mysystem" instantiated altera_avalon_jtag_uart "jtag_uart"
Info: Onchip_SRAM: Starting RTL generation for module 'mysystem_Onchip_SRAM'
Info: Onchip_SRAM:   Generation command is [exec /software/altera/quartus-13.1/quartus/linux/perl/bin/perl -I /software/altera/quartus-13.1/quartus/linux/perl/lib -I /software/altera/quartus-13.1/quartus/sopc_builder/bin/europa -I /software/altera/quartus-13.1/quartus/sopc_builder/bin/perl_lib -I /software/altera/quartus-13.1/quartus/sopc_builder/bin -I /software/altera/quartus-13.1/quartus/../ip/altera/sopc_builder_ip/common -I /software/altera/quartus-13.1/quartus/../ip/altera/sopc_builder_ip/altera_avalon_onchip_memory2 -- /software/altera/quartus-13.1/quartus/../ip/altera/sopc_builder_ip/altera_avalon_onchip_memory2/generate_rtl.pl --name=mysystem_Onchip_SRAM --dir=/tmp/alt6492_6345889125089008084.dir/0063_Onchip_SRAM_gen/ --quartus_dir=/software/altera/quartus-13.1/quartus --verilog --config=/tmp/alt6492_6345889125089008084.dir/0063_Onchip_SRAM_gen//mysystem_Onchip_SRAM_component_configuration.pl  --do_build_sim=0  ]
Info: Onchip_SRAM: Done RTL generation for module 'mysystem_Onchip_SRAM'
Info: Onchip_SRAM: "mysystem" instantiated altera_avalon_onchip_memory2 "Onchip_SRAM"
Info: system_pll_0: "mysystem" instantiated altera_pll "system_pll_0"
Info: pipeline_bridge_swap_transform: After transform: 2 modules, 1 connections
Info: No custom instruction connections, skipping transform 
Info: sdram_clk: "mysystem" instantiated altera_up_avalon_sys_sdram_pll "sdram_clk"
Info: pio2: Starting RTL generation for module 'mysystem_pio2'
Info: pio2:   Generation command is [exec /software/altera/quartus-13.1/quartus/linux/perl/bin/perl -I /software/altera/quartus-13.1/quartus/linux/perl/lib -I /software/altera/quartus-13.1/quartus/sopc_builder/bin/europa -I /software/altera/quartus-13.1/quartus/sopc_builder/bin/perl_lib -I /software/altera/quartus-13.1/quartus/sopc_builder/bin -I /software/altera/quartus-13.1/quartus/../ip/altera/sopc_builder_ip/common -I /software/altera/quartus-13.1/quartus/../ip/altera/sopc_builder_ip/altera_avalon_pio -- /software/altera/quartus-13.1/quartus/../ip/altera/sopc_builder_ip/altera_avalon_pio/generate_rtl.pl --name=mysystem_pio2 --dir=/tmp/alt6492_6345889125089008084.dir/0065_pio2_gen/ --quartus_dir=/software/altera/quartus-13.1/quartus --verilog --config=/tmp/alt6492_6345889125089008084.dir/0065_pio2_gen//mysystem_pio2_component_configuration.pl  --do_build_sim=0  ]
Info: pio2: Done RTL generation for module 'mysystem_pio2'
Info: pio2: "mysystem" instantiated altera_avalon_pio "pio2"
Info: pipeline_bridge_swap_transform: After transform: 20 modules, 57 connections
Info: No custom instruction connections, skipping transform 
Info: merlin_initial_interconnect_transform: After transform: 0 modules, 0 connections
Info: No Avalon connections, skipping transform 
Info: merlin_hierarchy_transform: After transform: 20 modules, 57 connections
Info: mm_interconnect_0: "mysystem" instantiated altera_merlin_interconnect_wrapper "mm_interconnect_0"
Info: pipeline_bridge_swap_transform: After transform: 52 modules, 177 connections
Info: No custom instruction connections, skipping transform 
Info: merlin_initial_interconnect_transform: After transform: 0 modules, 0 connections
Info: No Avalon connections, skipping transform 
Info: merlin_hierarchy_transform: After transform: 52 modules, 177 connections
Info: merlin_initial_interconnect_transform: After transform: 0 modules, 0 connections
Info: No Avalon connections, skipping transform 
Info: merlin_hierarchy_transform: After transform: 52 modules, 177 connections
Info: merlin_initial_interconnect_transform: After transform: 0 modules, 0 connections
Info: No Avalon connections, skipping transform 
Info: merlin_hierarchy_transform: After transform: 52 modules, 177 connections
Info: merlin_initial_interconnect_transform: After transform: 0 modules, 0 connections
Info: No Avalon connections, skipping transform 
Info: merlin_hierarchy_transform: After transform: 52 modules, 177 connections
Info: merlin_initial_interconnect_transform: After transform: 0 modules, 0 connections
Info: No Avalon connections, skipping transform 
Info: merlin_hierarchy_transform: After transform: 52 modules, 177 connections
Info: mm_interconnect_1: "mysystem" instantiated altera_merlin_interconnect_wrapper "mm_interconnect_1"
Info: irq_mapper: "mysystem" instantiated altera_irq_mapper "irq_mapper"
Info: irq_mapper_001: "mysystem" instantiated altera_irq_mapper "irq_mapper_001"
Info: rst_controller: "mysystem" instantiated altera_reset_controller "rst_controller"
Info: fpga_interfaces: "arm_a9_hps" instantiated altera_interface_generator "fpga_interfaces"
Info: pipeline_bridge_swap_transform: After transform: 1 modules, 0 connections
Info: No custom instruction connections, skipping transform 
Info: hps_io: "arm_a9_hps" instantiated altera_hps_io "hps_io"
Info: sys_pll: "sdram_clk" instantiated altera_pll "sys_pll"
Info: reset_from_locked: "sdram_clk" instantiated altera_up_avalon_reset_from_locked_signal "reset_from_locked"
Info: Onchip_SRAM_s1_translator: "mm_interconnect_0" instantiated altera_merlin_slave_translator "Onchip_SRAM_s1_translator"
Info: arm_a9_hps_h2f_axi_master_agent: "mm_interconnect_0" instantiated altera_merlin_axi_master_ni "arm_a9_hps_h2f_axi_master_agent"
Info: Onchip_SRAM_s1_translator_avalon_universal_slave_0_agent: "mm_interconnect_0" instantiated altera_merlin_slave_agent "Onchip_SRAM_s1_translator_avalon_universal_slave_0_agent"
Info: Onchip_SRAM_s1_translator_avalon_universal_slave_0_agent_rsp_fifo: "mm_interconnect_0" instantiated altera_avalon_sc_fifo "Onchip_SRAM_s1_translator_avalon_universal_slave_0_agent_rsp_fifo"
Info: addr_router: "mm_interconnect_0" instantiated altera_merlin_router "addr_router"
Info: id_router: "mm_interconnect_0" instantiated altera_merlin_router "id_router"
Info: burst_adapter: "mm_interconnect_0" instantiated altera_merlin_burst_adapter "burst_adapter"
Info: Reusing file /home/tck999/Desktop/CameraClean/mysystem/synthesis/submodules/altera_merlin_address_alignment.sv
Info: cmd_xbar_demux: "mm_interconnect_0" instantiated altera_merlin_demultiplexer "cmd_xbar_demux"
Info: cmd_xbar_mux: "mm_interconnect_0" instantiated altera_merlin_multiplexer "cmd_xbar_mux"
Info: rsp_xbar_demux: "mm_interconnect_0" instantiated altera_merlin_demultiplexer "rsp_xbar_demux"
Info: rsp_xbar_mux: "mm_interconnect_0" instantiated altera_merlin_multiplexer "rsp_xbar_mux"
Info: Reusing file /home/tck999/Desktop/CameraClean/mysystem/synthesis/submodules/altera_merlin_arbitrator.sv
Info: width_adapter: "mm_interconnect_0" instantiated altera_merlin_width_adapter "width_adapter"
Info: Reusing file /home/tck999/Desktop/CameraClean/mysystem/synthesis/submodules/altera_merlin_address_alignment.sv
Info: Reusing file /home/tck999/Desktop/CameraClean/mysystem/synthesis/submodules/altera_merlin_burst_uncompressor.sv
Info: addr_router: "mm_interconnect_1" instantiated altera_merlin_router "addr_router"
Info: id_router: "mm_interconnect_1" instantiated altera_merlin_router "id_router"
Info: limiter: "mm_interconnect_1" instantiated altera_merlin_traffic_limiter "limiter"
Info: Reusing file /home/tck999/Desktop/CameraClean/mysystem/synthesis/submodules/altera_avalon_sc_fifo.v
Info: cmd_xbar_demux: "mm_interconnect_1" instantiated altera_merlin_demultiplexer "cmd_xbar_demux"
Info: cmd_xbar_mux: "mm_interconnect_1" instantiated altera_merlin_multiplexer "cmd_xbar_mux"
Info: Reusing file /home/tck999/Desktop/CameraClean/mysystem/synthesis/submodules/altera_merlin_arbitrator.sv
Info: rsp_xbar_demux: "mm_interconnect_1" instantiated altera_merlin_demultiplexer "rsp_xbar_demux"
Info: rsp_xbar_mux: "mm_interconnect_1" instantiated altera_merlin_multiplexer "rsp_xbar_mux"
Info: Reusing file /home/tck999/Desktop/CameraClean/mysystem/synthesis/submodules/altera_merlin_arbitrator.sv
Info: border: "hps_io" instantiated altera_interface_generator "border"
Info: mysystem: Done "mysystem" with 37 modules, 87 files, 2197562 bytes
Info: ip-generate succeeded.
Info: Finished: Create HDL design files for synthesis
